[2025-07-12 21:49:29] Aplicando manifests-response-time-stb-30-st-1.yaml...
horizontalpodautoscaler.autoscaling/quarkus created
[2025-07-12 21:49:29] SUCESSO - manifests-response-time-stb-30-st-1.yaml
Aguardando 240 segundos...
[2025-07-12 21:53:29] Aplicando manifests-response-time-stb-30-st-2.yaml...
horizontalpodautoscaler.autoscaling/quarkus configured
[2025-07-12 21:53:29] SUCESSO - manifests-response-time-stb-30-st-2.yaml
Aguardando 240 segundos...
[2025-07-12 21:57:29] Aplicando manifests-response-time-stb-30-st-1.yaml...
horizontalpodautoscaler.autoscaling/quarkus configured
[2025-07-12 21:57:29] SUCESSO - manifests-response-time-stb-30-st-1.yaml
Aguardando 240 segundos...
[2025-07-12 22:01:30] Aplicando manifests-response-time-stb-30-st-1-5.yaml...
horizontalpodautoscaler.autoscaling/quarkus configured
[2025-07-12 22:01:30] SUCESSO - manifests-response-time-stb-30-st-1-5.yaml
Aguardando 240 segundos...
[2025-07-12 22:05:30] Aplicando manifests-response-time-stb-30-st-1.yaml...
horizontalpodautoscaler.autoscaling/quarkus configured
[2025-07-12 22:05:30] SUCESSO - manifests-response-time-stb-30-st-1.yaml
Aguardando 240 segundos...
[2025-07-12 22:09:30] Aplicando manifests-response-time-stb-30-st-2.yaml...
horizontalpodautoscaler.autoscaling/quarkus configured
[2025-07-12 22:09:30] SUCESSO - manifests-response-time-stb-30-st-2.yaml
Aguardando 240 segundos...
[2025-07-12 22:13:30] Execução finalizada.
