[2025-07-12 21:43:41] Aplicando manifestos...
Aplicando manifests-response-time-stb-30-st-1.yaml...
horizontalpodautoscaler.autoscaling/quarkus created
[2025-07-12 21:43:41] SUCESSO - manifests-response-time-stb-30-st-1.yaml
Aplicando manifests-response-time-stb-30-st-2.yaml...
horizontalpodautoscaler.autoscaling/quarkus configured
[2025-07-12 21:43:41] SUCESSO - manifests-response-time-stb-30-st-2.yaml
Aplicando manifests-response-time-stb-30-st-1.yaml...
horizontalpodautoscaler.autoscaling/quarkus configured
[2025-07-12 21:43:41] SUCESSO - manifests-response-time-stb-30-st-1.yaml
Aplicando manifests-response-time-stb-30-st-1-5.yaml...
horizontalpodautoscaler.autoscaling/quarkus configured
[2025-07-12 21:43:41] SUCESSO - manifests-response-time-stb-30-st-1-5.yaml
Aplicando manifests-response-time-stb-30-st-1.yaml...
horizontalpodautoscaler.autoscaling/quarkus configured
[2025-07-12 21:43:41] SUCESSO - manifests-response-time-stb-30-st-1.yaml
Aplicando manifests-response-time-stb-30-st-2.yaml...
horizontalpodautoscaler.autoscaling/quarkus configured
[2025-07-12 21:43:41] SUCESSO - manifests-response-time-stb-30-st-2.yaml
Aguardando 240 segundos...
